Arguments: 
  C:\Program Files\nodejs\node.exe C:\Users\Administrator\AppData\Roaming\npm\node_modules\yarn\bin\yarn.js install

PATH: 
  C:\Program Files\NVIDIA GPU Computing Toolkit\CUDA\v10.2\bin;C:\Program Files\NVIDIA GPU Computing Toolkit\CUDA\v10.2\libnvvp;D:\work_tools\python3;D:\work_tools\python3\Library\mingw-w64\bin;D:\work_tools\python3\Library\usr\bin;D:\work_tools\python3\Library\bin;D:\work_tools\python3\Scripts;C:\Program Files (x86)\Common Files\Oracle\Java\javapath;C:\ProgramData\Oracle\Java\javapath;C:\WINDOWS\system32;C:\WINDOWS;C:\WINDOWS\System32\Wbem;C:\WINDOWS\System32\WindowsPowerShell\v1.0\;C:\strawberry\c\bin;C:\strawberry\perl\bin;C:\Program Files (x86)\HP\LoadRunner\strawberry-perl\perl\bin;C:\Program Files (x86)\Windows Kits\8.1\Windows Performance Toolkit\;C:\Program Files\Microsoft SQL Server\110\Tools\Binn\;C:\Program Files\Microsoft SQL Server\120\Tools\Binn\;C:\Program Files\TortoiseSVN\bin;C:\Program Files\TortoiseGit\bin;C:\Program Files\dotnet\;C:\Program Files (x86)\Microsoft SQL Server\110\Tools\Binn\;C:\Program Files\Microsoft SQL Server\110\DTS\Binn\;C:\Program Files (x86)\Microsoft SQL Server\110\Tools\Binn\ManagementStudio\;C:\Program Files (x86)\Microsoft Visual Studio 10.0\Common7\IDE\PrivateAssemblies\;C:\Program Files (x86)\Microsoft SQL Server\110\DTS\Binn\;D:\osgSystemLibrary\delta3d\bin;D:\osgSystemLibrary\osg\bin;D:\osgSystemLibrary\osgEarth\bin;E:\XiangMu\osgSystemLibrary\delta3d\bin;E:\XiangMu\osgSystemLibrary\osg\bin;E:\XiangMu\osgSystemLibrary\osgEarth\bin;C:\Program Files\Java\jdk1.8.0_181\bin;C:\Program Files\Java\jdk1.8.0_181\jre\bin;D:\Maven\apache-maven-3.5.4\bin;C:\WINDOWS\System32\OpenSSH\;C:\Program Files\nodejs\;C:\Users\Administrator\AppData\Local\Yarn\bin;D:\work_tools\MySQL5.7\mysql-5.7.32-winx64\bin;C:\Program Files\NVIDIA Corporation\Nsight Compute 2019.5.0\;C:\Program Files (x86)\NVIDIA Corporation\PhysX\Common;C:\Program Files\NVIDIA Corporation\NVIDIA NvDLISR;C:\Program Files\mingw64\bin;C:\Program Files\CMake\bin;D:\Program Files\Git\cmd;C:\Users\Administrator\.cargo\bin;C:\Qt\Qt5.4.2\5.4\msvc2013_64_opengl\bin;C:\Users\Administrator\AppData\Local\Microsoft\WindowsApps;C:\Users\Administrator\AppData\Roaming\npm;C:\Users\Administrator\AppData\Local\Programs\Microsoft VS Code\bin;C:\Program Files\mingw-w64\x86_64-8.1.0-posix-seh-rt_v6-rev0\mingw64;;D:\javafull\IntelliJ IDEA 2021.2\bin;

Yarn version: 
  1.22.10

Node version: 
  14.13.1

Platform: 
  win32 x64

Trace: 
  Error: self signed certificate in certificate chain
      at TLSSocket.onConnectSecure (_tls_wrap.js:1497:34)
      at TLSSocket.emit (events.js:314:20)
      at TLSSocket._finishInit (_tls_wrap.js:932:8)
      at TLSWrap.ssl.onhandshakedone (_tls_wrap.js:706:12)

npm manifest: 
  {
    "name": "cesiumplugin",
    "version": "1.0.0",
    "main": "index.js",
    "license": "MIT",
    "type": "module",
    "scripts": {
      "build": "yarn rollup ./src/index.js  --format iife --file dist/bundle.js",
      "build-configTemplate": "yarn rollup --c rollup.configTemplate0.js yarn rollup --c rollup.configTemplate1.js",
      "build-configTemplate0": "yarn rollup --c Tools/package/rollup.configTemplate0.js",
      "build-configTemplate1": "yarn rollup --c Tools/package/rollup.configTemplate1.js",
      "test-js0": "node DividePolygonsIntoTriangles.js",
      "test-js1": "node DividePolygonsIntoTriangles.js",
      "flow_v": "node Tools/workflow/qkflow.js version",
      "wx-test": "gulp wx-test",
      "package_namespace": "gulp pg-np",
      "start":"node excelDeal.js"
    },
    "devDependencies": {
      "globby": "^12.0.1",
      "gulp": "^4.0.2",
      "rollup": "^2.56.1"
    },
    "dependencies": {
      "eslint": "^7.32.0"
    }
  }

yarn manifest: 
  No manifest

Lockfile: 
  No lockfile
